<?xml version="1.0" encoding="UTF-8"?>
<!-- Generated by org.testng.reporters.JUnitXMLReporter -->
<testsuite ignored="0" hostname="LAPTOP-TAVTASOM" failures="2" tests="19" name="Test2" time="13.565" errors="0" timestamp="2021-02-08T13:56:58 WIB">
  <testcase classname="cobaXML.testPertama" name="getTitle" time="0.018"/>
  <testcase classname="cobaXML.testPertama" name="getLogo" time="0.057"/>
  <testcase classname="cobaXML.testPertama" name="getLinkBantuan" time="0.161">
    <failure type="java.lang.AssertionError" message="expected [true] but found [false]">
      <![CDATA[java.lang.AssertionError: expected [true] but found [false]
at cobaXML.testPertama.getLinkBantuan(testPertama.java:46)
at java.base/java.util.ArrayList.forEach(ArrayList.java:1511)
... Removed 31 stack frames]]>
    </failure>
  </testcase> <!-- getLinkBantuan -->
  <testcase classname="cobaXML.testPertama" name="getCustomerCare" time="0.356">
    <failure type="org.openqa.selenium.NoSuchElementException" message="no such element: Unable to locate element: {&amp;quot;method&amp;quot;:&amp;quot;link text&amp;quot;,&amp;quot;selector&amp;quot;:&amp;quot;Informasi Call Center&amp;quot;}
  (Session info: chrome=88.0.4324.146)
  (Driver info: chromedriver=88.0.4324.96 (68dba2d8a0b149a1d3afac56fa74648032bcf46b-refs/branch-heads/4324@{#1784}),platform=Windows NT 10.0.18363 x86_64) (WARNING: The server did not provide any stacktrace information)
Command duration or timeout: 353 milliseconds
For documentation on this error, please visit: http://seleniumhq.org/exceptions/no_such_element.html
Build info: version: &amp;apos;3.0.1&amp;apos;, revision: &amp;apos;1969d75&amp;apos;, time: &amp;apos;2016-10-18 09:49:13 -0700&amp;apos;
System info: host: &amp;apos;LAPTOP-TAVTASOM&amp;apos;, ip: &amp;apos;192.168.2.80&amp;apos;, os.name: &amp;apos;Windows 10&amp;apos;, os.arch: &amp;apos;amd64&amp;apos;, os.version: &amp;apos;10.0&amp;apos;, java.version: &amp;apos;15.0.1&amp;apos;
Driver info: org.openqa.selenium.chrome.ChromeDriver
Capabilities [{mobileEmulationEnabled=false, timeouts={implicit=0, pageLoad=300000, script=30000}, hasTouchScreen=false, platform=XP, acceptSslCerts=false, goog:chromeOptions={debuggerAddress=localhost:57665}, acceptInsecureCerts=false, webStorageEnabled=true, browserName=chrome, takesScreenshot=true, javascriptEnabled=true, setWindowRect=true, webauthn:extension:largeBlob=true, unexpectedAlertBehaviour=ignore, applicationCacheEnabled=false, rotatable=false, networkConnectionEnabled=false, chrome={chromedriverVersion=88.0.4324.96 (68dba2d8a0b149a1d3afac56fa74648032bcf46b-refs/branch-heads/4324@{#1784}), userDataDir=C:\Users\HP\AppData\Local\Temp\scoped_dir11284_221490985}, takesHeapSnapshot=true, pageLoadStrategy=normal, strictFileInteractability=false, databaseEnabled=false, handlesAlerts=true, version=88.0.4324.146, browserConnectionEnabled=false, proxy={}, nativeEvents=true, locationContextEnabled=true, cssSelectorsEnabled=true, webauthn:virtualAuthenticators=true}]
Session ID: 65eee0959f5e3ee0d3bfb6d6eed1e7af
*** Element info: {Using=link text, value=Informasi Call Center}">
      <![CDATA[org.openqa.selenium.NoSuchElementException: no such element: Unable to locate element: {"method":"link text","selector":"Informasi Call Center"}
  (Session info: chrome=88.0.4324.146)
  (Driver info: chromedriver=88.0.4324.96 (68dba2d8a0b149a1d3afac56fa74648032bcf46b-refs/branch-heads/4324@{#1784}),platform=Windows NT 10.0.18363 x86_64) (WARNING: The server did not provide any stacktrace information)
Command duration or timeout: 353 milliseconds
For documentation on this error, please visit: http://seleniumhq.org/exceptions/no_such_element.html
Build info: version: '3.0.1', revision: '1969d75', time: '2016-10-18 09:49:13 -0700'
System info: host: 'LAPTOP-TAVTASOM', ip: '192.168.2.80', os.name: 'Windows 10', os.arch: 'amd64', os.version: '10.0', java.version: '15.0.1'
Driver info: org.openqa.selenium.chrome.ChromeDriver
Capabilities [{mobileEmulationEnabled=false, timeouts={implicit=0, pageLoad=300000, script=30000}, hasTouchScreen=false, platform=XP, acceptSslCerts=false, goog:chromeOptions={debuggerAddress=localhost:57665}, acceptInsecureCerts=false, webStorageEnabled=true, browserName=chrome, takesScreenshot=true, javascriptEnabled=true, setWindowRect=true, webauthn:extension:largeBlob=true, unexpectedAlertBehaviour=ignore, applicationCacheEnabled=false, rotatable=false, networkConnectionEnabled=false, chrome={chromedriverVersion=88.0.4324.96 (68dba2d8a0b149a1d3afac56fa74648032bcf46b-refs/branch-heads/4324@{#1784}), userDataDir=C:\Users\HP\AppData\Local\Temp\scoped_dir11284_221490985}, takesHeapSnapshot=true, pageLoadStrategy=normal, strictFileInteractability=false, databaseEnabled=false, handlesAlerts=true, version=88.0.4324.146, browserConnectionEnabled=false, proxy={}, nativeEvents=true, locationContextEnabled=true, cssSelectorsEnabled=true, webauthn:virtualAuthenticators=true}]
Session ID: 65eee0959f5e3ee0d3bfb6d6eed1e7af
*** Element info: {Using=link text, value=Informasi Call Center}
at org.openqa.selenium.remote.ErrorHandler.createThrowable(ErrorHandler.java:216)
at org.openqa.selenium.remote.ErrorHandler.throwIfResponseFailed(ErrorHandler.java:168)
at org.openqa.selenium.remote.RemoteWebDriver.execute(RemoteWebDriver.java:635)
at org.openqa.selenium.remote.RemoteWebDriver.findElement(RemoteWebDriver.java:368)
at org.openqa.selenium.remote.RemoteWebDriver.findElementByLinkText(RemoteWebDriver.java:425)
at org.openqa.selenium.By$ByLinkText.findElement(By.java:246)
at org.openqa.selenium.remote.RemoteWebDriver.findElement(RemoteWebDriver.java:360)
at cobaXML.testPertama.getCustomerCare(testPertama.java:56)
at java.base/java.util.ArrayList.forEach(ArrayList.java:1511)
... Removed 32 stack frames]]>
    </failure>
  </testcase> <!-- getCustomerCare -->
  <testcase classname="cobaXML.testPertama" name="searchProduk" time="0.019"/>
  <testcase classname="cobaXML.testPertama" name="categoryPulsa" time="0.021"/>
  <testcase classname="cobaXML.testPertama" name="categoryEmoney" time="0.02"/>
  <testcase classname="cobaXML.testPertama" name="categorySamsat" time="0.016"/>
  <testcase classname="cobaXML.testPertama" name="categoryPln" time="0.023"/>
  <testcase classname="cobaXML.testPertama" name="categoryBpjs" time="0.018"/>
  <testcase classname="cobaXML.testPertama" name="categoryInternet" time="0.018"/>
  <testcase classname="cobaXML.testPertama" name="categoryGame" time="0.022"/>
  <testcase classname="cobaXML.testPertama" name="categoryStreaming" time="0.033"/>
  <testcase classname="cobaXML.testPertama" name="categoryGas" time="0.02"/>
  <testcase classname="cobaXML.testPertama" name="categoryPbb" time="0.016"/>
  <testcase classname="cobaXML.testPertama" name="categoryPdam" time="0.023"/>
  <testcase classname="cobaXML.testPertama" name="categoryTelkom" time="0.022"/>
  <testcase classname="cobaXML.testPertama" name="buttonNextCategory" time="0.017"/>
  <testcase classname="cobaXML.testPertama" name="loginWebsite" time="3.954"/>
</testsuite> <!-- Test2 -->
